{
  "stats": {
    "suites": 1,
    "tests": 10,
    "passes": 10,
    "pending": 0,
    "failures": 0,
    "start": "2025-03-31T19:41:05.483Z",
    "end": "2025-03-31T19:48:31.044Z",
    "duration": 445561,
    "testsRegistered": 10,
    "passPercent": 100,
    "pendingPercent": 0,
    "other": 0,
    "hasOther": false,
    "skipped": 0,
    "hasSkipped": false
  },
  "results": [
    {
      "uuid": "d5dd2937-0fe2-4c78-bf53-e31bea763e3a",
      "title": "",
      "fullFile": "C:\\Users\\Himanshu\\Desktop\\All_Projects\\TestOps\\Xenonstack_TestOps.js",
      "file": "\\Xenonstack_TestOps.js",
      "beforeHooks": [],
      "afterHooks": [],
      "tests": [],
      "suites": [
        {
          "uuid": "846c734e-c6ac-4e7a-b458-f18657876661",
          "title": "Xenonstack Website Testing",
          "fullFile": "C:\\Users\\Himanshu\\Desktop\\All_Projects\\TestOps\\Xenonstack_TestOps.js",
          "file": "\\Xenonstack_TestOps.js",
          "beforeHooks": [
            {
              "title": "\"before all\" hook in \"Xenonstack Website Testing\"",
              "fullTitle": "Xenonstack Website Testing \"before all\" hook in \"Xenonstack Website Testing\"",
              "timedOut": false,
              "duration": 9229,
              "state": null,
              "speed": null,
              "pass": false,
              "fail": false,
              "pending": false,
              "context": null,
              "code": "driver = await new Builder().forBrowser(\"chrome\").build();",
              "err": {},
              "uuid": "f0ec5fbc-86dd-4b0a-8a75-56e8665036bc",
              "parentUUID": "846c734e-c6ac-4e7a-b458-f18657876661",
              "isHook": true,
              "skipped": false
            }
          ],
          "afterHooks": [
            {
              "title": "\"after all\" hook in \"Xenonstack Website Testing\"",
              "fullTitle": "Xenonstack Website Testing \"after all\" hook in \"Xenonstack Website Testing\"",
              "timedOut": false,
              "duration": 124,
              "state": null,
              "speed": null,
              "pass": false,
              "fail": false,
              "pending": false,
              "context": null,
              "code": "await driver.quit();",
              "err": {},
              "uuid": "721e312e-5063-4e9b-855b-ba70174b484d",
              "parentUUID": "846c734e-c6ac-4e7a-b458-f18657876661",
              "isHook": true,
              "skipped": false
            }
          ],
          "tests": [
            {
              "title": "Test Case 1: Footer links",
              "fullTitle": "Xenonstack Website Testing Test Case 1: Footer links",
              "timedOut": false,
              "duration": 353634,
              "state": "passed",
              "speed": "slow",
              "pass": true,
              "fail": false,
              "pending": false,
              "context": null,
              "code": "let driver = await new Builder().forBrowser('chrome').build();\nconst wait = driver.manage().setTimeouts({ implicit: 10000, pageLoad: 10000, script: 10000 });\ntry {\n    logger.info('⏱️ Ensuring All Footer Links Are Checked Without Skips.');\n    await driver.manage().window().maximize();\n    await driver.get('https://xenonstack.com/');\n    await pageLoader(driver);\n    let links = await extractLinks(driver, 'footer');\n    if (links.length === 0) {\n        logger.error('❌ FOOTER TEST FAILED - No links found in the footer!');\n        throw new Error('No footer links found.');\n    }\n    const totalLinks = links.length;\n    logger.info(`💯 Total Footer Links Found: ${totalLinks}`);\n    let idx = 0;\n    while (idx < totalLinks) {\n        let retries = 2;\n        while (retries > 0) {\n            try {\n                links = await extractLinks(driver, 'footer');\n                if (idx >= links.length) {\n                    logger.warn(`⏭️ Skipping missing link at index ${idx}`);\n                    break;\n                }\n                const link = links[idx];\n                let linkText = (await link.getText()).trim();\n                const href = await link.getAttribute('href');\n                if (!linkText) {\n                    try {\n                        const img = await link.findElement(By.tagName('img'));\n                        const altText = await img.getAttribute('alt');\n                        if (altText) {\n                            linkText = altText.trim();\n                        }\n                    } catch (err) {\n                        // Ignore NoSuchElementException\n                    }\n                    if (!linkText) {\n                        linkText = 'N/A';\n                    }\n                }\n                if (!href) {\n                    logger.error(`⏭️ Skipping '${linkText}' - No href attribute.`);\n                    throw new Error(`Skipping '${linkText}' - No href attribute.`);\n                }\n                logger.info(`⏰ Checking Footer Link ${idx + 1}/${totalLinks}: ${href} -> ${linkText}`);\n                if (!href.toLowerCase().includes('xenonstack.com')) {\n                    await checkExternalLink(href, linkText);\n                } else {\n                    const oldUrl = await driver.getCurrentUrl();\n                    await checkInternalLink(driver, link, linkText, oldUrl);\n                }\n                break;\n            } catch (err) {\n                retries -= 1;\n                logger.warn('⏳ Stale element error. Retrying...');\n            }\n        }\n        idx += 1;\n    }\n    logger.info('✅ Footer Test Completed Successfully.');\n} finally {\n    await driver.quit();\n}",
              "err": {},
              "uuid": "892093f4-6e1e-47c6-9085-35a7d36f5fd9",
              "parentUUID": "846c734e-c6ac-4e7a-b458-f18657876661",
              "isHook": false,
              "skipped": false
            },
            {
              "title": "Test Case 2: Homepage All Buttons",
              "fullTitle": "Xenonstack Website Testing Test Case 2: Homepage All Buttons",
              "timedOut": false,
              "duration": 34526,
              "state": "passed",
              "speed": "slow",
              "pass": true,
              "fail": false,
              "pending": false,
              "context": null,
              "code": "this.timeout(300000); // set timeout to 300 seconds\ntry {\n    await driver.manage().window().maximize();\n    await driver.get(\"https://www.xenonstack.com/\");\n    await driver.executeScript(\n        \"window.scrollTo(0, document.body.scrollHeight);\"\n    );\n    await driver.sleep(1000);\n    await clickElement(\n        driver,\n        By.xpath(\n            \"//a[@href='https://www.xenonstack.com/agentic-platforms/akira-ai/']//div[@class='product-button']//p[contains(text(),'Explore Further')]\"\n        )\n    );\n    await driver.navigate().back();\n    await clickElement(\n        driver,\n        By.xpath(\n            \"//a[@href='https://www.xenonstack.com/agentic-platforms/elixirdata/']//div[@class='product-button']//p[contains(text(),'Explore Further')]\"\n        )\n    );\n    await driver.navigate().back();\n    await clickElement(\n        driver,\n        By.xpath(\n            \"//a[@href='https://www.xenonstack.com/agentic-platforms/neural-ai/']//div[@class='product-button']//p[contains(text(),'Explore Further')]\"\n        )\n    );\n    await driver.navigate().back();\n    await clickElement(\n        driver,\n        By.xpath(\n            \"//a[@href='https://www.xenonstack.com/agentic-platforms/nexastack-unified-inference/']//div[@class='product-button']//p[contains(text(),'Explore Further')]\"\n        )\n    );\n    await driver.navigate().back();\n    await clickElement(\n        driver,\n        By.xpath(\"//p[normalize-space()='Discover Now']\")\n    );\n    await driver.navigate().back();\n    await clickElement(\n        driver,\n        By.xpath(\n            \"//a[@href='https://www.xenonstack.com/agentic-platforms/metasecure/']//div[@class='product-button']//p[contains(text(),'Explore Further')]\"\n        )\n    );\n    await driver.navigate().back();\n    await clickElement(\n        driver,\n        By.xpath(\n            \"//a[@href='https://www.xenonstack.com/xenonstack-academy/']//div[@class='product-button']//p[contains(text(),'Explore Further')]\"\n        )\n    );\n    await driver.navigate().back();\n    await clickElement(\n        driver,\n        By.xpath(\"//div[@class='first-mid-banner-button']//p[contains(text(),'Discover More')]\")\n    );\n    await driver.navigate().back();\n    await driver.executeScript(\"window.scrollTo(0, 0);\");\n    await driver.sleep(1000);\n    await clickElement(\n        driver,\n        By.xpath(\"//div[@class='second-mid-banner-button'] //a[@href='https://xenonify.ai/']\")\n    );\n    await driver.navigate().back();\n    await driver.executeScript(\n        \"window.scrollTo(0, document.body.scrollHeight);\"\n    );\n    await driver.sleep(1000);\n    await driver.navigate().back();\n    console.log(\"✅ All buttons are working properly\");\n} catch (error) {\n    console.error(\"❌ An error occurred:\", error);\n}",
              "err": {},
              "uuid": "82befb37-dd06-4603-b411-431f6112e2bd",
              "parentUUID": "846c734e-c6ac-4e7a-b458-f18657876661",
              "isHook": false,
              "skipped": false
            },
            {
              "title": "Test Case 3: Handle Invalid Page Checking",
              "fullTitle": "Xenonstack Website Testing Test Case 3: Handle Invalid Page Checking",
              "timedOut": false,
              "duration": 3222,
              "state": "passed",
              "speed": "slow",
              "pass": true,
              "fail": false,
              "pending": false,
              "context": null,
              "code": "await driver.manage().window().maximize();\nawait driver.get(\"https://www.xenonstack.com/invalid-page\");\nawait driver.sleep(1000);\nlet errorMessage;\ntry {\n    errorMessage = await driver.findElement(By.tagName(\"h1\")).getText();\n} catch (err) {\n    errorMessage = await driver.findElement(By.tagName(\"body\")).getText();\n}\nif (\n    errorMessage.includes(\"404\") ||\n    errorMessage.includes(\"Page Not Found\") ||\n    errorMessage.includes(\"error\")\n) {\n    console.log(\n        \"✅ Invalid page handling test passed.✅\"\n    );\n} else {\n    console.log(\n        \"❌ Invalid page handling test failed.\"\n    );\n}",
              "err": {},
              "uuid": "8b35f799-2422-4e03-959b-722d7d517fb7",
              "parentUUID": "846c734e-c6ac-4e7a-b458-f18657876661",
              "isHook": false,
              "skipped": false
            },
            {
              "title": "Test Case 4: Navbar Links Testing",
              "fullTitle": "Xenonstack Website Testing Test Case 4: Navbar Links Testing",
              "timedOut": false,
              "duration": 9277,
              "state": "passed",
              "speed": "slow",
              "pass": true,
              "fail": false,
              "pending": false,
              "context": null,
              "code": "await driver.manage().window().maximize();\nawait driver.get(\"https://www.xenonstack.com/\");\nasync function clickAndCheckRedirection(xpath, linkName) {\n    const oldUrl = await driver.getCurrentUrl();\n    await driver.findElement(By.xpath(xpath)).click();\n    await driver.sleep(1000);\n    const newUrl = await driver.getCurrentUrl();\n    if (newUrl !== oldUrl) {\n        console.log(`Clicked on '${linkName}' and redirected to a new page.`);\n    } else if (newUrl === oldUrl) {\n        console.log(`Clicked on '${linkName}' and page scrolled.`)\n    }\n    else {\n        throw new Error(`Clicked on '${linkName}' but not redirected to a new page.`);\n    }\n}\nawait clickAndCheckRedirection(\n    \"//p[normalize-space()='Foundry']\",\n    \"Foundry\"\n);\nawait clickAndCheckRedirection(\n    \"//p[normalize-space()='Neural AI']\",\n    \"Neural AI\"\n);\nawait clickAndCheckRedirection(\n    \"//p[contains(text(),'NexaStack')]\",\n    \"NexaStack\"\n);\nawait clickAndCheckRedirection(\n    \"//p[contains(text(),'ElixirData')]\",\n    \"ElixirData\"\n);\nawait clickAndCheckRedirection(\n    \"//p[contains(text(),'MetaSecure')]\",\n    \"MetaSecure\"\n);\nawait clickAndCheckRedirection(\n    \"//li[@class='nav-li item']//p[contains(text(),'Akira AI')]\",\n    \"Akira AI\"\n);\nawait clickAndCheckRedirection(\"//p[normalize-space()='XAI']\", \"XAI\");\nconsole.log(\"✅Navbar test case completed successfully\");",
              "err": {},
              "uuid": "1d12ec7c-2f89-469e-8ee9-3cf45f6ec484",
              "parentUUID": "846c734e-c6ac-4e7a-b458-f18657876661",
              "isHook": false,
              "skipped": false
            },
            {
              "title": "Test Case 5: Homepage Xenonstack Logo Checking",
              "fullTitle": "Xenonstack Website Testing Test Case 5: Homepage Xenonstack Logo Checking",
              "timedOut": false,
              "duration": 3896,
              "state": "passed",
              "speed": "slow",
              "pass": true,
              "fail": false,
              "pending": false,
              "context": null,
              "code": "await driver.manage().window().maximize();\nawait driver.get(\"https://www.xenonstack.com/\");\nawait driver.executeScript(\n    \"window.scrollTo(0, document.body.scrollHeight);\"\n);\nawait driver.sleep(1000);\nconst logo = await driver.findElement(\n    By.xpath(\"//li[@class='nav-li logo-li']//a\")\n);\nawait driver.executeScript(\"arguments[0].click();\", logo);\nawait driver.sleep(1000);\nconst scrollPosition = await driver.executeScript(\n    \"return window.pageYOffset;\"\n);\nif (scrollPosition === 0) {\n    console.log(\"✅ Test passed: The logo click scrolled the page to the top.\");\n} else {\n    console.log(\n        \"❌ Test failed: The logo click did not scroll the page to the top.\"\n    );\n}",
              "err": {},
              "uuid": "a13c58a6-2c4a-470a-9ac9-e3db5efd26a5",
              "parentUUID": "846c734e-c6ac-4e7a-b458-f18657876661",
              "isHook": false,
              "skipped": false
            },
            {
              "title": "Test Case 6: Perform Compatibility tests for different devices",
              "fullTitle": "Xenonstack Website Testing Test Case 6: Perform Compatibility tests for different devices",
              "timedOut": false,
              "duration": 16877,
              "state": "passed",
              "speed": "slow",
              "pass": true,
              "fail": false,
              "pending": false,
              "context": null,
              "code": "const devices = [\"desktop\", \"tablet\", \"mobile\"];\nasync function compatibilityTest(device) {\n    let driver;\n    const deviceDimensions = {\n        desktop: { width: 1920, height: 1080 },\n        tablet: { width: 768, height: 1024 },\n        mobile: { width: 375, height: 667 },\n    };\n    try {\n        driver = await new Builder().forBrowser(\"chrome\").build();\n        await driver.manage().window().setRect(deviceDimensions[device]);\n        await driver.get(\"https://www.xenonstack.com/\");\n        console.log(\n            `${device}: Website loaded successfully at ${deviceDimensions[device].width}x${deviceDimensions[device].height} resolution`\n        );\n        await driver.executeScript(\"window.scrollBy(0, 1000);\");\n        console.log(`${device}: Scrolled down the webpage successfully`);\n    } catch (err) {\n        console.log(`❌ ${device}: Error encountered - ${err.message}`);\n    } finally {\n        if (driver) {\n            await driver.quit();\n        }\n    }\n}\nfor (const device of devices) {\n    await compatibilityTest(device);\n}\nconsole.log(\"✅ Compatibility testing for different devices completed.\");",
              "err": {},
              "uuid": "413c1274-2ba4-46c0-80ab-e035f3e9132c",
              "parentUUID": "846c734e-c6ac-4e7a-b458-f18657876661",
              "isHook": false,
              "skipped": false
            },
            {
              "title": "Test Case 7: Measure page load time",
              "fullTitle": "Xenonstack Website Testing Test Case 7: Measure page load time",
              "timedOut": false,
              "duration": 4857,
              "state": "passed",
              "speed": "slow",
              "pass": true,
              "fail": false,
              "pending": false,
              "context": null,
              "code": "let driver = await new Builder().forBrowser(\"chrome\").build();\ntry {\n    let startTime = new Date().getTime();\n    await driver.manage().window().maximize();\n    await driver.get(\"https://www.xenonstack.com/\");\n    let endTime = new Date().getTime();\n    let loadTime = endTime - startTime;\n    console.log(`Page Load Time: ${loadTime} ms`);\n    if (loadTime > 4000) {\n        throw new Error(`❌ Page load time is more than 4 seconds (${loadTime} ms).`);\n    } else {\n        console.log(\"✅ Test case passed successfully\");\n    }\n} finally {\n    await driver.quit();\n}",
              "err": {},
              "uuid": "3788b9db-2a9c-4779-a2c8-9e42c0a00498",
              "parentUUID": "846c734e-c6ac-4e7a-b458-f18657876661",
              "isHook": false,
              "skipped": false
            },
            {
              "title": "Test Case 8: Measure button click response time",
              "fullTitle": "Xenonstack Website Testing Test Case 8: Measure button click response time",
              "timedOut": false,
              "duration": 4866,
              "state": "passed",
              "speed": "slow",
              "pass": true,
              "fail": false,
              "pending": false,
              "context": null,
              "code": "let driver = await new Builder().forBrowser(\"chrome\").build();\ntry {\n    await driver.manage().window().maximize();\n    await driver.get(\"https://www.xenonstack.com/\");\n    let getStartedButton = await driver.findElement(\n        By.xpath(\"//span[normalize-space()='Get Started']\")\n    );\n    let startTime = new Date().getTime();\n    await getStartedButton.click();\n    await driver.wait(\n        until.urlContains(\"https://www.xenonstack.com/\"),\n        10000\n    );\n    let endTime = new Date().getTime();\n    let responseTime = endTime - startTime;\n    console.log(`✅ Button Click Response Time: ${responseTime} ms`);\n} finally {\n    await driver.quit();\n}",
              "err": {},
              "uuid": "7ac20d93-9cb3-4858-8b5e-121796933ac9",
              "parentUUID": "846c734e-c6ac-4e7a-b458-f18657876661",
              "isHook": false,
              "skipped": false
            },
            {
              "title": "Test Case 9: GetStarted Invalid Inputs",
              "fullTitle": "Xenonstack Website Testing Test Case 9: GetStarted Invalid Inputs",
              "timedOut": false,
              "duration": 2924,
              "state": "passed",
              "speed": "slow",
              "pass": true,
              "fail": false,
              "pending": false,
              "context": null,
              "code": "await driver.manage().window().maximize();\nawait driver.get(\"https://www.xenonstack.com/\");\nawait driver\n    .wait(\n        until.elementLocated(By.xpath(\"//div[@class='nav-button']//a\")),\n        10000\n    )\n    .click();\nawait driver\n    .wait(\n        until.elementIsVisible(\n            driver.findElement(By.xpath(\"//input[@id='Firstname']\"))\n        ),\n        10000\n    )\n    .sendKeys(\"#2456sd\");\nawait driver\n    .wait(\n        until.elementIsVisible(\n            driver.findElement(By.xpath(\"//input[@id='Lastname']\"))\n        ),\n        10000\n    )\n    .sendKeys(\"@9u7t\");\nawait driver\n    .wait(\n        until.elementIsVisible(\n            driver.findElement(\n                By.xpath(\"//div[@class='form-field-outer-wrapper']//div[1]\")\n            )\n        ),\n        10000\n    )\n    .click();\nawait driver\n    .wait(\n        until.elementIsVisible(\n            driver.findElement(By.xpath(\"//input[@id='emailid']\"))\n        ),\n        10000\n    )\n    .sendKeys(\"Varybv098\");\nawait driver\n    .wait(\n        until.elementIsVisible(\n            driver.findElement(\n                By.xpath(\"//div[@class='form-field-outer-wrapper']//div[1]\")\n            )\n        ),\n        10000\n    )\n    .click();\nawait driver\n    .wait(\n        until.elementIsVisible(\n            driver.findElement(By.xpath(\"//input[@id='contactnumber']\"))\n        ),\n        10000\n    )\n    .sendKeys(\"12343\");\nawait driver\n    .wait(\n        until.elementIsVisible(\n            driver.findElement(\n                By.xpath(\"//div[@class='form-field-outer-wrapper']//div[1]\")\n            )\n        ),\n        10000\n    )\n    .click();\nawait driver\n    .wait(\n        until.elementIsVisible(\n            driver.findElement(By.xpath(\"//input[@id='companyname']\"))\n        ),\n        10000\n    )\n    .sendKeys(\"23e\");\nawait driver\n    .wait(\n        until.elementIsVisible(\n            driver.findElement(By.xpath(\"//select[@id='enterpriseIndustry']\"))\n        ),\n        10000\n    )\n    .sendKeys(\"Financial Services\");\nawait driver\n    .wait(\n        until.elementIsVisible(\n            driver.findElement(\n                By.xpath(\n                    \"//div[@id='form-step-one']//div[@class='next-step-button-wrapper']\"\n                )\n            )\n        ),\n        10000\n    )\n    .click();\nlet validationPassed = true;\ntry {\n    let firstNameValidation = await driver.wait(\n        until.elementLocated(\n            By.xpath(\"//*[contains(text(),'Please enter a valid First Name')]\")\n        ),\n        5000\n    );\n    console.log(\"Invalid input test for first name validation passed.\");\n} catch (err) {\n    validationPassed = false;\n    console.log(\"Invalid input test for first name validation failed.\");\n}\ntry {\n    let lastNameValidation = await driver.wait(\n        until.elementLocated(\n            By.xpath(\"//*[contains(text(),'Please enter a valid Last Name')]\")\n        ),\n        5000\n    );\n    console.log(\"Invalid input test for last name validation passed.\");\n} catch (err) {\n    validationPassed = false;\n    console.log(\"Invalid input test for last name validation failed.\");\n}\ntry {\n    let emailValidation = await driver.wait(\n        until.elementLocated(\n            By.xpath(\n                \"//*[contains(text(),'Please enter a valid Business Email ID')]\"\n            )\n        ),\n        5000\n    );\n    console.log(\"Invalid input test for email validation passed.\");\n} catch (err) {\n    validationPassed = false;\n    console.log(\"Invalid input test for email validation failed.\");\n}\ntry {\n    let contactNumberValidation = await driver.wait(\n        until.elementLocated(\n            By.xpath(\n                \"//*[contains(text(),'Please enter a valid Contact Number')]\"\n            )\n        ),\n        5000\n    );\n    console.log(\"Invalid input test for contact number validation passed.\");\n} catch (err) {\n    validationPassed = false;\n    console.log(\"Invalid input test for contact number validation failed.\");\n}\ntry {\n    let companyNameValidation = await driver.wait(\n        until.elementLocated(\n            By.xpath(\"//*[contains(text(),'Please enter a valid Company Name')]\")\n        ),\n        5000\n    );\n    console.log(\"Invalid input test for company name validation passed.\");\n} catch (err) {\n    validationPassed = false;\n    console.log(\"Invalid input test for company name validation failed.\");\n}\nif (validationPassed) {\n    console.log(\"✅ Invalid input test validation passed.\");\n} else {\n    console.log(\"❌ Invalid input test validation failed.\");\n}",
              "err": {},
              "uuid": "adc63884-ecf6-4342-a40b-702e2fdde6bc",
              "parentUUID": "846c734e-c6ac-4e7a-b458-f18657876661",
              "isHook": false,
              "skipped": false
            },
            {
              "title": "Test Case 10: GetStarted Valid Inputs",
              "fullTitle": "Xenonstack Website Testing Test Case 10: GetStarted Valid Inputs",
              "timedOut": false,
              "duration": 2114,
              "state": "passed",
              "speed": "slow",
              "pass": true,
              "fail": false,
              "pending": false,
              "context": null,
              "code": "await driver.manage().window().maximize();\nawait driver.get(\"https://www.xenonstack.com/\");\nawait driver\n    .wait(\n        until.elementLocated(\n            By.xpath(\"//span[normalize-space()='Get Started']\")\n        ),\n        10000\n    )\n    .click();\nawait driver\n    .wait(\n        until.elementIsVisible(\n            driver.findElement(By.xpath(\"//input[@id='Firstname']\"))\n        ),\n        10000\n    )\n    .sendKeys(\"Varun\");\nawait driver\n    .wait(\n        until.elementIsVisible(\n            driver.findElement(By.xpath(\"//input[@id='Lastname']\"))\n        ),\n        10000\n    )\n    .sendKeys(\"Verma\");\nawait driver\n    .wait(\n        until.elementIsVisible(\n            driver.findElement(By.xpath(\"//input[@id='emailid']\"))\n        ),\n        10000\n    )\n    .sendKeys(\"varunverma823@gmail.com\");\nlet contactNumber = await driver.wait(\n    until.elementIsVisible(\n        driver.findElement(By.xpath(\"//input[@id='contactnumber']\"))\n    ),\n    10000\n);\nawait contactNumber.click();\nawait contactNumber.sendKeys(\"1234567890\");\nawait driver\n    .wait(\n        until.elementIsVisible(\n            driver.findElement(By.xpath(\"//input[@id='companyname']\"))\n        ),\n        10000\n    )\n    .sendKeys(\"xenon\");\nawait driver\n    .wait(\n        until.elementIsVisible(\n            driver.findElement(By.xpath(\"//select[@id='enterpriseIndustry']\"))\n        ),\n        10000\n    )\n    .sendKeys(\"Software Development\");\nawait driver\n    .wait(\n        until.elementLocated(By.xpath(\"//p[normalize-space()='Proceed Next']\")),\n        10000\n    )\n    .click();\nlet stepTwo = await driver.wait(\n    until.elementIsVisible(\n        driver.findElement(By.xpath(\"//div[@id='form-step-two']\"))\n    ),\n    10000\n);\nawait stepTwo.click();\nawait driver\n    .wait(\n        until.elementLocated(\n            By.xpath(\n                \"//p[normalize-space()='Akira AI - Agentic AI Platform Multi Agent System']\"\n            )\n        ),\n        10000\n    )\n    .click();\nawait driver\n    .wait(\n        until.elementLocated(By.xpath(\"//p[normalize-space()='Startup']\")),\n        10000\n    )\n    .click();\nawait driver\n    .wait(\n        until.elementLocated(\n            By.xpath(\"//p[normalize-space()='Data and Analytics']\")\n        ),\n        10000\n    )\n    .click();\nawait driver\n    .wait(\n        until.elementLocated(\n            By.xpath(\"//p[normalize-space()='POC Completed']\")\n        ),\n        10000\n    )\n    .click();\nawait driver\n    .wait(\n        until.elementLocated(\n            By.xpath(\"//p[normalize-space()='Aligning AI with business goals']\")\n        ),\n        10000\n    )\n    .click();\nawait driver\n    .wait(\n        until.elementLocated(By.xpath(\"//p[normalize-space()='AWS']\")),\n        10000\n    )\n    .click();\nawait driver\n    .wait(\n        until.elementLocated(By.xpath(\"//p[normalize-space()='SnowFlake']\")),\n        10000\n    )\n    .click();\nawait driver\n    .wait(\n        until.elementLocated(\n            By.xpath(\n                \"//p[normalize-space()='Assisted Intelligence Agents as Co-Pilot']\"\n            )\n        ),\n        10000\n    )\n    .click();\nawait driver\n    .wait(\n        until.elementLocated(\n            By.xpath(\"//p[normalize-space()='Internal Organization']\")\n        ),\n        10000\n    )\n    .click();\nawait driver.executeScript(\n    \"arguments[0].scrollIntoView(true);\",\n    driver.findElement(\n        By.xpath(\"//p[contains(text(),'Internal Organization')]\")\n    )\n);\nawait driver\n    .wait(\n        until.elementLocated(By.xpath(\"//p[normalize-space()='Submit']\")),\n        10000\n    )\n    .click();\nconsole.log(\"✅ Valid input test completed successfully\");",
              "err": {},
              "uuid": "a8366da2-54c7-4a26-b813-666869cff468",
              "parentUUID": "846c734e-c6ac-4e7a-b458-f18657876661",
              "isHook": false,
              "skipped": false
            }
          ],
          "suites": [],
          "passes": [
            "892093f4-6e1e-47c6-9085-35a7d36f5fd9",
            "82befb37-dd06-4603-b411-431f6112e2bd",
            "8b35f799-2422-4e03-959b-722d7d517fb7",
            "1d12ec7c-2f89-469e-8ee9-3cf45f6ec484",
            "a13c58a6-2c4a-470a-9ac9-e3db5efd26a5",
            "413c1274-2ba4-46c0-80ab-e035f3e9132c",
            "3788b9db-2a9c-4779-a2c8-9e42c0a00498",
            "7ac20d93-9cb3-4858-8b5e-121796933ac9",
            "adc63884-ecf6-4342-a40b-702e2fdde6bc",
            "a8366da2-54c7-4a26-b813-666869cff468"
          ],
          "failures": [],
          "pending": [],
          "skipped": [],
          "duration": 436193,
          "root": false,
          "rootEmpty": false,
          "_timeout": 700000
        }
      ],
      "passes": [],
      "failures": [],
      "pending": [],
      "skipped": [],
      "duration": 0,
      "root": true,
      "rootEmpty": true,
      "_timeout": 2000
    }
  ],
  "meta": {
    "mocha": {
      "version": "11.1.0"
    },
    "mochawesome": {
      "options": {
        "quiet": false,
        "reportFilename": "mochawesome",
        "saveHtml": true,
        "saveJson": true,
        "consoleReporter": "spec",
        "useInlineDiffs": false,
        "code": true
      },
      "version": "7.1.3"
    },
    "marge": {
      "options": null,
      "version": "6.2.0"
    }
  }
}